<?xml version="1.0" encoding="UTF-8"?>
<testsuite xmlns:xsi="http://www.w3.org/2001/XMLSchema-instance" xsi:noNamespaceSchemaLocation="https://maven.apache.org/surefire/maven-surefire-plugin/xsd/surefire-test-report.xsd" name="blf.ValidatorSyntaxTest" time="0.22" tests="5" errors="0" skipped="0" failures="0">
  <properties>
[...]
</properties>
  <testcase name="testComment{String}[1]" classname="blf.ValidatorSyntaxTest" time="0.004"/>
  <testcase name="testComment{String}[2]" classname="blf.ValidatorSyntaxTest" time="0.001"/>
  <testcase name="testComment{String}[3]" classname="blf.ValidatorSyntaxTest" time="0.001"/>
  <testcase name="testComment{String}[4]" classname="blf.ValidatorSyntaxTest" time="0.006"/>
  <testcase name="testComment{String}[5]" classname="blf.ValidatorSyntaxTest" time="0"/>
</testsuite>